# JRE version: OpenJDK Runtime Environment (8.0_212) (build 1.8.0_212-release-1586-b4-5784211)
# Java VM: OpenJDK 64-Bit Server VM (25.212-b4-5784211 mixed mode linux-amd64 compressed oops)
Heap:
 PSYoungGen      total 210432K, used 21993K [0x00000000e0000000, 0x00000000f0580000, 0x0000000100000000)
  eden space 188416K, 0% used [0x00000000e0000000,0x00000000e0000000,0x00000000eb800000)
  from space 22016K, 99% used [0x00000000ef000000,0x00000000f057a420,0x00000000f0580000)
  to   space 18432K, 0% used [0x00000000eb800000,0x00000000eb800000,0x00000000eca00000)
 ParOldGen       total 95744K, used 62433K [0x00000000a0000000, 0x00000000a5d80000, 0x00000000e0000000)
  object space 95744K, 65% used [0x00000000a0000000,0x00000000a3cf86c8,0x00000000a5d80000)
 Metaspace       used 70168K, capacity 72324K, committed 72576K, reserved 1112064K
  class space    used 9445K, capacity 10039K, committed 10112K, reserved 1048576K
GC Heap History (10 events):
Event: 46.491 GC heap after
Heap after GC invocations=14 (full 2):
 PSYoungGen      total 162816K, used 12356K [0x00000000e0000000, 0x00000000eb680000, 0x0000000100000000)
  eden space 149504K, 0% used [0x00000000e0000000,0x00000000e0000000,0x00000000e9200000)
  from space 13312K, 92% used [0x00000000ea080000,0x00000000eac913e0,0x00000000ead80000)
  to   space 14848K, 0% used [0x00000000e9200000,0x00000000e9200000,0x00000000ea080000)
 ParOldGen       total 52736K, used 27531K [0x00000000a0000000, 0x00000000a3380000, 0x00000000e0000000)
  object space 52736K, 52% used [0x00000000a0000000,0x00000000a1ae2de0,0x00000000a3380000)
 Metaspace       used 52434K, capacity 54056K, committed 54144K, reserved 1095680K
  class space    used 7125K, capacity 7548K, committed 7552K, reserved 1048576K
}
Event: 61.959 GC heap before
{Heap before GC invocations=15 (full 2):
 PSYoungGen      total 162816K, used 117859K [0x00000000e0000000, 0x00000000eb680000, 0x0000000100000000)
  eden space 149504K, 70% used [0x00000000e0000000,0x00000000e6707948,0x00000000e9200000)
  from space 13312K, 92% used [0x00000000ea080000,0x00000000eac913e0,0x00000000ead80000)
  to   space 14848K, 0% used [0x00000000e9200000,0x00000000e9200000,0x00000000ea080000)
 ParOldGen       total 52736K, used 27531K [0x00000000a0000000, 0x00000000a3380000, 0x00000000e0000000)
  object space 52736K, 52% used [0x00000000a0000000,0x00000000a1ae2de0,0x00000000a3380000)
 Metaspace       used 56927K, capacity 58908K, committed 59028K, reserved 1099776K
  class space    used 7830K, capacity 8379K, committed 8448K, reserved 1048576K
Event: 62.243 GC heap after
Heap after GC invocations=15 (full 2):
 PSYoungGen      total 164352K, used 13540K [0x00000000e0000000, 0x00000000edc80000, 0x0000000100000000)
  eden space 149504K, 0% used [0x00000000e0000000,0x00000000e0000000,0x00000000e9200000)
  from space 14848K, 91% used [0x00000000e9200000,0x00000000e9f39318,0x00000000ea080000)
  to   space 16384K, 0% used [0x00000000ecc80000,0x00000000ecc80000,0x00000000edc80000)
 ParOldGen       total 52736K, used 33345K [0x00000000a0000000, 0x00000000a3380000, 0x00000000e0000000)
  object space 52736K, 63% used [0x00000000a0000000,0x00000000a2090568,0x00000000a3380000)
 Metaspace       used 56927K, capacity 58908K, committed 59028K, reserved 1099776K
  class space    used 7830K, capacity 8379K, committed 8448K, reserved 1048576K
}
Event: 62.243 GC heap before
{Heap before GC invocations=16 (full 3):
 PSYoungGen      total 164352K, used 13540K [0x00000000e0000000, 0x00000000edc80000, 0x0000000100000000)
  eden space 149504K, 0% used [0x00000000e0000000,0x00000000e0000000,0x00000000e9200000)
  from space 14848K, 91% used [0x00000000e9200000,0x00000000e9f39318,0x00000000ea080000)
  to   space 16384K, 0% used [0x00000000ecc80000,0x00000000ecc80000,0x00000000edc80000)
 ParOldGen       total 52736K, used 33345K [0x00000000a0000000, 0x00000000a3380000, 0x00000000e0000000)
  object space 52736K, 63% used [0x00000000a0000000,0x00000000a2090568,0x00000000a3380000)
 Metaspace       used 56927K, capacity 58908K, committed 59028K, reserved 1099776K
  class space    used 7830K, capacity 8379K, committed 8448K, reserved 1048576K
Event: 63.064 GC heap after
Heap after GC invocations=16 (full 3):
 PSYoungGen      total 164352K, used 0K [0x00000000e0000000, 0x00000000edc80000, 0x0000000100000000)
  eden space 149504K, 0% used [0x00000000e0000000,0x00000000e0000000,0x00000000e9200000)
  from space 14848K, 0% used [0x00000000e9200000,0x00000000e9200000,0x00000000ea080000)
  to   space 16384K, 0% used [0x00000000ecc80000,0x00000000ecc80000,0x00000000edc80000)
 ParOldGen       total 95744K, used 41387K [0x00000000a0000000, 0x00000000a5d80000, 0x00000000e0000000)
  object space 95744K, 43% used [0x00000000a0000000,0x00000000a286adb0,0x00000000a5d80000)
 Metaspace       used 56927K, capacity 58908K, committed 59028K, reserved 1099776K
  class space    used 7830K, capacity 8379K, committed 8448K, reserved 1048576K
}
Event: 204.812 GC heap before
{Heap before GC invocations=17 (full 3):
 PSYoungGen      total 164352K, used 149504K [0x00000000e0000000, 0x00000000edc80000, 0x0000000100000000)
  eden space 149504K, 100% used [0x00000000e0000000,0x00000000e9200000,0x00000000e9200000)
  from space 14848K, 0% used [0x00000000e9200000,0x00000000e9200000,0x00000000ea080000)
  to   space 16384K, 0% used [0x00000000ecc80000,0x00000000ecc80000,0x00000000edc80000)
 ParOldGen       total 95744K, used 41387K [0x00000000a0000000, 0x00000000a5d80000, 0x00000000e0000000)
  object space 95744K, 43% used [0x00000000a0000000,0x00000000a286adb0,0x00000000a5d80000)
 Metaspace       used 63595K, capacity 65706K, committed 65920K, reserved 1105920K
  class space    used 8689K, capacity 9280K, committed 9344K, reserved 1048576K
Event: 204.908 GC heap after
Heap after GC invocations=17 (full 3):
 PSYoungGen      total 201216K, used 15788K [0x00000000e0000000, 0x00000000edc00000, 0x0000000100000000)
  eden space 185344K, 0% used [0x00000000e0000000,0x00000000e0000000,0x00000000eb500000)
  from space 15872K, 99% used [0x00000000ecc80000,0x00000000edbeb1a0,0x00000000edc00000)
  to   space 18432K, 0% used [0x00000000eb800000,0x00000000eb800000,0x00000000eca00000)
 ParOldGen       total 95744K, used 41395K [0x00000000a0000000, 0x00000000a5d80000, 0x00000000e0000000)
  object space 95744K, 43% used [0x00000000a0000000,0x00000000a286cdb0,0x00000000a5d80000)
 Metaspace       used 63595K, capacity 65706K, committed 65920K, reserved 1105920K
  class space    used 8689K, capacity 9280K, committed 9344K, reserved 1048576K
}
Event: 235.410 GC heap before
{Heap before GC invocations=18 (full 3):
 PSYoungGen      total 201216K, used 201132K [0x00000000e0000000, 0x00000000edc00000, 0x0000000100000000)
  eden space 185344K, 100% used [0x00000000e0000000,0x00000000eb500000,0x00000000eb500000)
  from space 15872K, 99% used [0x00000000ecc80000,0x00000000edbeb1a0,0x00000000edc00000)
  to   space 18432K, 0% used [0x00000000eb800000,0x00000000eb800000,0x00000000eca00000)
 ParOldGen       total 95744K, used 41395K [0x00000000a0000000, 0x00000000a5d80000, 0x00000000e0000000)
  object space 95744K, 43% used [0x00000000a0000000,0x00000000a286cdb0,0x00000000a5d80000)
 Metaspace       used 65558K, capacity 67736K, committed 67968K, reserved 1107968K
  class space    used 8886K, capacity 9493K, committed 9600K, reserved 1048576K
Event: 235.510 GC heap after
Heap after GC invocations=18 (full 3):
 PSYoungGen      total 206848K, used 18403K [0x00000000e0000000, 0x00000000f0580000, 0x0000000100000000)
  eden space 188416K, 0% used [0x00000000e0000000,0x00000000e0000000,0x00000000eb800000)
  from space 18432K, 99% used [0x00000000eb800000,0x00000000ec9f8cf0,0x00000000eca00000)
  to   space 22016K, 0% used [0x00000000ef000000,0x00000000ef000000,0x00000000f0580000)
 ParOldGen       total 95744K, used 42937K [0x00000000a0000000, 0x00000000a5d80000, 0x00000000e0000000)
  object space 95744K, 44% used [0x00000000a0000000,0x00000000a29ee6b0,0x00000000a5d80000)
 Metaspace       used 65558K, capacity 67736K, committed 67968K, reserved 1107968K
  class space    used 8886K, capacity 9493K, committed 9600K, reserved 1048576K
}
Event: 311.693 GC heap before
{Heap before GC invocations=19 (full 3):
 PSYoungGen      total 206848K, used 206819K [0x00000000e0000000, 0x00000000f0580000, 0x0000000100000000)
  eden space 188416K, 100% used [0x00000000e0000000,0x00000000eb800000,0x00000000eb800000)
  from space 18432K, 99% used [0x00000000eb800000,0x00000000ec9f8cf0,0x00000000eca00000)
  to   space 22016K, 0% used [0x00000000ef000000,0x00000000ef000000,0x00000000f0580000)
 ParOldGen       total 95744K, used 42937K [0x00000000a0000000, 0x00000000a5d80000, 0x00000000e0000000)
  object space 95744K, 44% used [0x00000000a0000000,0x00000000a29ee6b0,0x00000000a5d80000)
 Metaspace       used 70168K, capacity 72324K, committed 72576K, reserved 1112064K
  class space    used 9445K, capacity 10039K, committed 10112K, reserved 1048576K

