# JRE version: OpenJDK Runtime Environment (8.0_212) (build 1.8.0_212-release-1586-b4-5784211)
# Java VM: OpenJDK 64-Bit Server VM (25.212-b4-5784211 mixed mode linux-amd64 compressed oops)
Heap:
 PSYoungGen      total 452096K, used 0K [0x00000000e0000000, 0x0000000100000000, 0x0000000100000000)
  eden space 399360K, 0% used [0x00000000e0000000,0x00000000e0000000,0x00000000f8600000)
  from space 52736K, 0% used [0x00000000fcc00000,0x00000000fcc00000,0x00000000fff80000)
  to   space 62464K, 0% used [0x00000000f8600000,0x00000000f8600000,0x00000000fc300000)
 ParOldGen       total 235008K, used 190001K [0x00000000a0000000, 0x00000000ae580000, 0x00000000e0000000)
  object space 235008K, 80% used [0x00000000a0000000,0x00000000ab98c678,0x00000000ae580000)
 Metaspace       used 89919K, capacity 93396K, committed 94464K, reserved 1130496K
  class space    used 11487K, capacity 12240K, committed 12544K, reserved 1048576K
GC Heap History (10 events):
Event: 1155.058 GC heap after
Heap after GC invocations=34 (full 5):
 PSYoungGen      total 413184K, used 29850K [0x00000000e0000000, 0x00000000fed80000, 0x0000000100000000)
  eden space 363520K, 0% used [0x00000000e0000000,0x00000000e0000000,0x00000000f6300000)
  from space 49664K, 60% used [0x00000000f6300000,0x00000000f8026bb8,0x00000000f9380000)
  to   space 51200K, 0% used [0x00000000fbb80000,0x00000000fbb80000,0x00000000fed80000)
 ParOldGen       total 199168K, used 164009K [0x00000000a0000000, 0x00000000ac280000, 0x00000000e0000000)
  object space 199168K, 82% used [0x00000000a0000000,0x00000000aa02a4f0,0x00000000ac280000)
 Metaspace       used 88115K, capacity 91668K, committed 91904K, reserved 1128448K
  class space    used 11382K, capacity 12180K, committed 12288K, reserved 1048576K
}
Event: 1164.368 GC heap before
{Heap before GC invocations=35 (full 5):
 PSYoungGen      total 413184K, used 393370K [0x00000000e0000000, 0x00000000fed80000, 0x0000000100000000)
  eden space 363520K, 100% used [0x00000000e0000000,0x00000000f6300000,0x00000000f6300000)
  from space 49664K, 60% used [0x00000000f6300000,0x00000000f8026bb8,0x00000000f9380000)
  to   space 51200K, 0% used [0x00000000fbb80000,0x00000000fbb80000,0x00000000fed80000)
 ParOldGen       total 199168K, used 164009K [0x00000000a0000000, 0x00000000ac280000, 0x00000000e0000000)
  object space 199168K, 82% used [0x00000000a0000000,0x00000000aa02a4f0,0x00000000ac280000)
 Metaspace       used 88263K, capacity 91814K, committed 92160K, reserved 1128448K
  class space    used 11383K, capacity 12181K, committed 12288K, reserved 1048576K
Event: 1164.416 GC heap after
Heap after GC invocations=35 (full 5):
 PSYoungGen      total 450560K, used 38342K [0x00000000e0000000, 0x00000000ff100000, 0x0000000100000000)
  eden space 399360K, 0% used [0x00000000e0000000,0x00000000e0000000,0x00000000f8600000)
  from space 51200K, 74% used [0x00000000fbb80000,0x00000000fe0f1af0,0x00000000fed80000)
  to   space 54784K, 0% used [0x00000000f8600000,0x00000000f8600000,0x00000000fbb80000)
 ParOldGen       total 199168K, used 164017K [0x00000000a0000000, 0x00000000ac280000, 0x00000000e0000000)
  object space 199168K, 82% used [0x00000000a0000000,0x00000000aa02c4f0,0x00000000ac280000)
 Metaspace       used 88263K, capacity 91814K, committed 92160K, reserved 1128448K
  class space    used 11383K, capacity 12181K, committed 12288K, reserved 1048576K
}
Event: 1674.472 GC heap before
{Heap before GC invocations=36 (full 5):
 PSYoungGen      total 450560K, used 437702K [0x00000000e0000000, 0x00000000ff100000, 0x0000000100000000)
  eden space 399360K, 100% used [0x00000000e0000000,0x00000000f8600000,0x00000000f8600000)
  from space 51200K, 74% used [0x00000000fbb80000,0x00000000fe0f1af0,0x00000000fed80000)
  to   space 54784K, 0% used [0x00000000f8600000,0x00000000f8600000,0x00000000fbb80000)
 ParOldGen       total 199168K, used 164017K [0x00000000a0000000, 0x00000000ac280000, 0x00000000e0000000)
  object space 199168K, 82% used [0x00000000a0000000,0x00000000aa02c4f0,0x00000000ac280000)
 Metaspace       used 88723K, capacity 92458K, committed 92672K, reserved 1130496K
  class space    used 11413K, capacity 12235K, committed 12288K, reserved 1048576K
Event: 1675.372 GC heap after
Heap after GC invocations=36 (full 5):
 PSYoungGen      total 454144K, used 13254K [0x00000000e0000000, 0x00000000fff80000, 0x0000000100000000)
  eden space 399360K, 0% used [0x00000000e0000000,0x00000000e0000000,0x00000000f8600000)
  from space 54784K, 24% used [0x00000000f8600000,0x00000000f92f1b48,0x00000000fbb80000)
  to   space 52736K, 0% used [0x00000000fcc00000,0x00000000fcc00000,0x00000000fff80000)
 ParOldGen       total 199168K, used 164025K [0x00000000a0000000, 0x00000000ac280000, 0x00000000e0000000)
  object space 199168K, 82% used [0x00000000a0000000,0x00000000aa02e4f0,0x00000000ac280000)
 Metaspace       used 88723K, capacity 92458K, committed 92672K, reserved 1130496K
  class space    used 11413K, capacity 12235K, committed 12288K, reserved 1048576K
}
Event: 1785.693 GC heap before
{Heap before GC invocations=37 (full 5):
 PSYoungGen      total 454144K, used 412614K [0x00000000e0000000, 0x00000000fff80000, 0x0000000100000000)
  eden space 399360K, 100% used [0x00000000e0000000,0x00000000f8600000,0x00000000f8600000)
  from space 54784K, 24% used [0x00000000f8600000,0x00000000f92f1b48,0x00000000fbb80000)
  to   space 52736K, 0% used [0x00000000fcc00000,0x00000000fcc00000,0x00000000fff80000)
 ParOldGen       total 199168K, used 164025K [0x00000000a0000000, 0x00000000ac280000, 0x00000000e0000000)
  object space 199168K, 82% used [0x00000000a0000000,0x00000000aa02e4f0,0x00000000ac280000)
 Metaspace       used 90118K, capacity 93978K, committed 94080K, reserved 1130496K
  class space    used 11570K, capacity 12395K, committed 12416K, reserved 1048576K
Event: 1786.545 GC heap after
Heap after GC invocations=37 (full 5):
 PSYoungGen      total 452096K, used 52708K [0x00000000e0000000, 0x0000000100000000, 0x0000000100000000)
  eden space 399360K, 0% used [0x00000000e0000000,0x00000000e0000000,0x00000000f8600000)
  from space 52736K, 99% used [0x00000000fcc00000,0x00000000fff79250,0x00000000fff80000)
  to   space 62464K, 0% used [0x00000000f8600000,0x00000000f8600000,0x00000000fc300000)
 ParOldGen       total 199168K, used 166457K [0x00000000a0000000, 0x00000000ac280000, 0x00000000e0000000)
  object space 199168K, 83% used [0x00000000a0000000,0x00000000aa28e728,0x00000000ac280000)
 Metaspace       used 90118K, capacity 93978K, committed 94080K, reserved 1130496K
  class space    used 11570K, capacity 12395K, committed 12416K, reserved 1048576K
}
Event: 1800.445 GC heap before
{Heap before GC invocations=38 (full 5):
 PSYoungGen      total 452096K, used 452068K [0x00000000e0000000, 0x0000000100000000, 0x0000000100000000)
  eden space 399360K, 100% used [0x00000000e0000000,0x00000000f8600000,0x00000000f8600000)
  from space 52736K, 99% used [0x00000000fcc00000,0x00000000fff79250,0x00000000fff80000)
  to   space 62464K, 0% used [0x00000000f8600000,0x00000000f8600000,0x00000000fc300000)
 ParOldGen       total 199168K, used 166457K [0x00000000a0000000, 0x00000000ac280000, 0x00000000e0000000)
  object space 199168K, 83% used [0x00000000a0000000,0x00000000aa28e728,0x00000000ac280000)
 Metaspace       used 90325K, capacity 94288K, committed 94464K, reserved 1130496K
  class space    used 11587K, capacity 12420K, committed 12544K, reserved 1048576K
Event: 1801.485 GC heap after
Heap after GC invocations=38 (full 5):
 PSYoungGen      total 452096K, used 452068K [0x00000000e0000000, 0x0000000100000000, 0x0000000100000000)
  eden space 399360K, 100% used [0x00000000e0000000,0x00000000f8600000,0x00000000f8600000)
  from space 52736K, 99% used [0x00000000fcc00000,0x00000000fff79250,0x00000000fff80000)
  to   space 62464K, 99% used [0x00000000f8600000,0x00000000fc2fb130,0x00000000fc300000)
 ParOldGen       total 235008K, used 234716K [0x00000000a0000000, 0x00000000ae580000, 0x00000000e0000000)
  object space 235008K, 99% used [0x00000000a0000000,0x00000000ae5371b0,0x00000000ae580000)
 Metaspace       used 90325K, capacity 94288K, committed 94464K, reserved 1130496K
  class space    used 11587K, capacity 12420K, committed 12544K, reserved 1048576K
}
Event: 1801.486 GC heap before
{Heap before GC invocations=39 (full 6):
 PSYoungGen      total 452096K, used 452068K [0x00000000e0000000, 0x0000000100000000, 0x0000000100000000)
  eden space 399360K, 100% used [0x00000000e0000000,0x00000000f8600000,0x00000000f8600000)
  from space 52736K, 99% used [0x00000000fcc00000,0x00000000fff79250,0x00000000fff80000)
  to   space 62464K, 99% used [0x00000000f8600000,0x00000000fc2fb130,0x00000000fc300000)
 ParOldGen       total 235008K, used 234716K [0x00000000a0000000, 0x00000000ae580000, 0x00000000e0000000)
  object space 235008K, 99% used [0x00000000a0000000,0x00000000ae5371b0,0x00000000ae580000)
 Metaspace       used 90325K, capacity 94288K, committed 94464K, reserved 1130496K
  class space    used 11587K, capacity 12420K, committed 12544K, reserved 1048576K

