# JRE version: OpenJDK Runtime Environment (8.0_212) (build 1.8.0_212-release-1586-b4-5784211)
# Java VM: OpenJDK 64-Bit Server VM (25.212-b4-5784211 mixed mode linux-amd64 compressed oops)
Heap:
 PSYoungGen      total 173568K, used 9936K [0x00000000e0000000, 0x00000000eca00000, 0x0000000100000000)
  eden space 149504K, 0% used [0x00000000e0000000,0x00000000e0000000,0x00000000e9200000)
  from space 24064K, 41% used [0x00000000e9200000,0x00000000e9bb4280,0x00000000ea980000)
  to   space 15360K, 0% used [0x00000000ea980000,0x00000000ea980000,0x00000000eb880000)
 ParOldGen       total 88576K, used 73659K [0x00000000a0000000, 0x00000000a5680000, 0x00000000e0000000)
  object space 88576K, 83% used [0x00000000a0000000,0x00000000a47eef50,0x00000000a5680000)
 Metaspace       used 68257K, capacity 70380K, committed 70528K, reserved 1110016K
  class space    used 9251K, capacity 9843K, committed 9856K, reserved 1048576K
GC Heap History (10 events):
Event: 41.110 GC heap after
Heap after GC invocations=19 (full 2):
 PSYoungGen      total 113664K, used 10208K [0x00000000e0000000, 0x00000000e9580000, 0x0000000100000000)
  eden space 103424K, 0% used [0x00000000e0000000,0x00000000e0000000,0x00000000e6500000)
  from space 10240K, 99% used [0x00000000e6500000,0x00000000e6ef8030,0x00000000e6f00000)
  to   space 13824K, 0% used [0x00000000e8800000,0x00000000e8800000,0x00000000e9580000)
 ParOldGen       total 49152K, used 36317K [0x00000000a0000000, 0x00000000a3000000, 0x00000000e0000000)
  object space 49152K, 73% used [0x00000000a0000000,0x00000000a23774b8,0x00000000a3000000)
 Metaspace       used 55187K, capacity 57234K, committed 57344K, reserved 1097728K
  class space    used 7606K, capacity 8169K, committed 8192K, reserved 1048576K
}
Event: 53.843 GC heap before
{Heap before GC invocations=20 (full 2):
 PSYoungGen      total 113664K, used 37937K [0x00000000e0000000, 0x00000000e9580000, 0x0000000100000000)
  eden space 103424K, 26% used [0x00000000e0000000,0x00000000e1b143e0,0x00000000e6500000)
  from space 10240K, 99% used [0x00000000e6500000,0x00000000e6ef8030,0x00000000e6f00000)
  to   space 13824K, 0% used [0x00000000e8800000,0x00000000e8800000,0x00000000e9580000)
 ParOldGen       total 49152K, used 36317K [0x00000000a0000000, 0x00000000a3000000, 0x00000000e0000000)
  object space 49152K, 73% used [0x00000000a0000000,0x00000000a23774b8,0x00000000a3000000)
 Metaspace       used 56965K, capacity 58910K, committed 59028K, reserved 1099776K
  class space    used 7840K, capacity 8381K, committed 8448K, reserved 1048576K
Event: 54.538 GC heap after
Heap after GC invocations=20 (full 2):
 PSYoungGen      total 139264K, used 3692K [0x00000000e0000000, 0x00000000e9e80000, 0x0000000100000000)
  eden space 125440K, 0% used [0x00000000e0000000,0x00000000e0000000,0x00000000e7a80000)
  from space 13824K, 26% used [0x00000000e8800000,0x00000000e8b9b238,0x00000000e9580000)
  to   space 13824K, 0% used [0x00000000e7a80000,0x00000000e7a80000,0x00000000e8800000)
 ParOldGen       total 49152K, used 45991K [0x00000000a0000000, 0x00000000a3000000, 0x00000000e0000000)
  object space 49152K, 93% used [0x00000000a0000000,0x00000000a2ce9d48,0x00000000a3000000)
 Metaspace       used 56965K, capacity 58910K, committed 59028K, reserved 1099776K
  class space    used 7840K, capacity 8381K, committed 8448K, reserved 1048576K
}
Event: 54.539 GC heap before
{Heap before GC invocations=21 (full 3):
 PSYoungGen      total 139264K, used 3692K [0x00000000e0000000, 0x00000000e9e80000, 0x0000000100000000)
  eden space 125440K, 0% used [0x00000000e0000000,0x00000000e0000000,0x00000000e7a80000)
  from space 13824K, 26% used [0x00000000e8800000,0x00000000e8b9b238,0x00000000e9580000)
  to   space 13824K, 0% used [0x00000000e7a80000,0x00000000e7a80000,0x00000000e8800000)
 ParOldGen       total 49152K, used 45991K [0x00000000a0000000, 0x00000000a3000000, 0x00000000e0000000)
  object space 49152K, 93% used [0x00000000a0000000,0x00000000a2ce9d48,0x00000000a3000000)
 Metaspace       used 56965K, capacity 58910K, committed 59028K, reserved 1099776K
  class space    used 7840K, capacity 8381K, committed 8448K, reserved 1048576K
Event: 54.877 GC heap after
Heap after GC invocations=21 (full 3):
 PSYoungGen      total 139264K, used 0K [0x00000000e0000000, 0x00000000e9e80000, 0x0000000100000000)
  eden space 125440K, 0% used [0x00000000e0000000,0x00000000e0000000,0x00000000e7a80000)
  from space 13824K, 0% used [0x00000000e8800000,0x00000000e8800000,0x00000000e9580000)
  to   space 13824K, 0% used [0x00000000e7a80000,0x00000000e7a80000,0x00000000e8800000)
 ParOldGen       total 88576K, used 43043K [0x00000000a0000000, 0x00000000a5680000, 0x00000000e0000000)
  object space 88576K, 48% used [0x00000000a0000000,0x00000000a2a08e70,0x00000000a5680000)
 Metaspace       used 56965K, capacity 58910K, committed 59028K, reserved 1099776K
  class space    used 7840K, capacity 8381K, committed 8448K, reserved 1048576K
}
Event: 73.305 GC heap before
{Heap before GC invocations=22 (full 3):
 PSYoungGen      total 139264K, used 125440K [0x00000000e0000000, 0x00000000e9e80000, 0x0000000100000000)
  eden space 125440K, 100% used [0x00000000e0000000,0x00000000e7a80000,0x00000000e7a80000)
  from space 13824K, 0% used [0x00000000e8800000,0x00000000e8800000,0x00000000e9580000)
  to   space 13824K, 0% used [0x00000000e7a80000,0x00000000e7a80000,0x00000000e8800000)
 ParOldGen       total 88576K, used 43043K [0x00000000a0000000, 0x00000000a5680000, 0x00000000e0000000)
  object space 88576K, 48% used [0x00000000a0000000,0x00000000a2a08e70,0x00000000a5680000)
 Metaspace       used 61811K, capacity 63782K, committed 63872K, reserved 1103872K
  class space    used 8493K, capacity 9050K, committed 9088K, reserved 1048576K
Event: 73.326 GC heap after
Heap after GC invocations=22 (full 3):
 PSYoungGen      total 139264K, used 13397K [0x00000000e0000000, 0x00000000eb880000, 0x0000000100000000)
  eden space 125440K, 0% used [0x00000000e0000000,0x00000000e0000000,0x00000000e7a80000)
  from space 13824K, 96% used [0x00000000e7a80000,0x00000000e8795750,0x00000000e8800000)
  to   space 15360K, 0% used [0x00000000ea980000,0x00000000ea980000,0x00000000eb880000)
 ParOldGen       total 88576K, used 43051K [0x00000000a0000000, 0x00000000a5680000, 0x00000000e0000000)
  object space 88576K, 48% used [0x00000000a0000000,0x00000000a2a0ae70,0x00000000a5680000)
 Metaspace       used 61811K, capacity 63782K, committed 63872K, reserved 1103872K
  class space    used 8493K, capacity 9050K, committed 9088K, reserved 1048576K
}
Event: 86.898 GC heap before
{Heap before GC invocations=23 (full 3):
 PSYoungGen      total 139264K, used 138837K [0x00000000e0000000, 0x00000000eb880000, 0x0000000100000000)
  eden space 125440K, 100% used [0x00000000e0000000,0x00000000e7a80000,0x00000000e7a80000)
  from space 13824K, 96% used [0x00000000e7a80000,0x00000000e8795750,0x00000000e8800000)
  to   space 15360K, 0% used [0x00000000ea980000,0x00000000ea980000,0x00000000eb880000)
 ParOldGen       total 88576K, used 43051K [0x00000000a0000000, 0x00000000a5680000, 0x00000000e0000000)
  object space 88576K, 48% used [0x00000000a0000000,0x00000000a2a0ae70,0x00000000a5680000)
 Metaspace       used 63399K, capacity 65576K, committed 65920K, reserved 1105920K
  class space    used 8662K, capacity 9279K, committed 9344K, reserved 1048576K
Event: 87.221 GC heap after
Heap after GC invocations=23 (full 3):
 PSYoungGen      total 164864K, used 15328K [0x00000000e0000000, 0x00000000eca00000, 0x0000000100000000)
  eden space 149504K, 0% used [0x00000000e0000000,0x00000000e0000000,0x00000000e9200000)
  from space 15360K, 99% used [0x00000000ea980000,0x00000000eb878050,0x00000000eb880000)
  to   space 24064K, 0% used [0x00000000e9200000,0x00000000e9200000,0x00000000ea980000)
 ParOldGen       total 88576K, used 60383K [0x00000000a0000000, 0x00000000a5680000, 0x00000000e0000000)
  object space 88576K, 68% used [0x00000000a0000000,0x00000000a3af7e30,0x00000000a5680000)
 Metaspace       used 63399K, capacity 65576K, committed 65920K, reserved 1105920K
  class space    used 8662K, capacity 9279K, committed 9344K, reserved 1048576K
}
Event: 270.167 GC heap before
{Heap before GC invocations=24 (full 3):
 PSYoungGen      total 164864K, used 164832K [0x00000000e0000000, 0x00000000eca00000, 0x0000000100000000)
  eden space 149504K, 100% used [0x00000000e0000000,0x00000000e9200000,0x00000000e9200000)
  from space 15360K, 99% used [0x00000000ea980000,0x00000000eb878050,0x00000000eb880000)
  to   space 24064K, 0% used [0x00000000e9200000,0x00000000e9200000,0x00000000ea980000)
 ParOldGen       total 88576K, used 60383K [0x00000000a0000000, 0x00000000a5680000, 0x00000000e0000000)
  object space 88576K, 68% used [0x00000000a0000000,0x00000000a3af7e30,0x00000000a5680000)
 Metaspace       used 68257K, capacity 70380K, committed 70528K, reserved 1110016K
  class space    used 9251K, capacity 9843K, committed 9856K, reserved 1048576K

