# JRE version: OpenJDK Runtime Environment (8.0_212) (build 1.8.0_212-release-1586-b4-5784211)
# Java VM: OpenJDK 64-Bit Server VM (25.212-b4-5784211 mixed mode linux-amd64 compressed oops)
Heap:
 PSYoungGen      total 140288K, used 0K [0x00000000e0000000, 0x00000000ebb00000, 0x0000000100000000)
  eden space 133632K, 0% used [0x00000000e0000000,0x00000000e0000000,0x00000000e8280000)
  from space 6656K, 0% used [0x00000000eb480000,0x00000000eb480000,0x00000000ebb00000)
  to   space 24576K, 0% used [0x00000000e8b00000,0x00000000e8b00000,0x00000000ea300000)
 ParOldGen       total 87552K, used 56917K [0x00000000a0000000, 0x00000000a5580000, 0x00000000e0000000)
  object space 87552K, 65% used [0x00000000a0000000,0x00000000a3795770,0x00000000a5580000)
 Metaspace       used 69302K, capacity 71434K, committed 71680K, reserved 1112064K
  class space    used 9378K, capacity 9976K, committed 9984K, reserved 1048576K
GC Heap History (10 events):
Event: 35.344 GC heap after
Heap after GC invocations=19 (full 2):
 PSYoungGen      total 128512K, used 11769K [0x00000000e0000000, 0x00000000eaa80000, 0x0000000100000000)
  eden space 116736K, 0% used [0x00000000e0000000,0x00000000e0000000,0x00000000e7200000)
  from space 11776K, 99% used [0x00000000e7200000,0x00000000e7d7e5c0,0x00000000e7d80000)
  to   space 15360K, 0% used [0x00000000e9b80000,0x00000000e9b80000,0x00000000eaa80000)
 ParOldGen       total 47616K, used 36994K [0x00000000a0000000, 0x00000000a2e80000, 0x00000000e0000000)
  object space 47616K, 77% used [0x00000000a0000000,0x00000000a2420a38,0x00000000a2e80000)
 Metaspace       used 56954K, capacity 58908K, committed 59028K, reserved 1099776K
  class space    used 7830K, capacity 8379K, committed 8448K, reserved 1048576K
}
Event: 35.344 GC heap before
{Heap before GC invocations=20 (full 3):
 PSYoungGen      total 128512K, used 11769K [0x00000000e0000000, 0x00000000eaa80000, 0x0000000100000000)
  eden space 116736K, 0% used [0x00000000e0000000,0x00000000e0000000,0x00000000e7200000)
  from space 11776K, 99% used [0x00000000e7200000,0x00000000e7d7e5c0,0x00000000e7d80000)
  to   space 15360K, 0% used [0x00000000e9b80000,0x00000000e9b80000,0x00000000eaa80000)
 ParOldGen       total 47616K, used 36994K [0x00000000a0000000, 0x00000000a2e80000, 0x00000000e0000000)
  object space 47616K, 77% used [0x00000000a0000000,0x00000000a2420a38,0x00000000a2e80000)
 Metaspace       used 56954K, capacity 58908K, committed 59028K, reserved 1099776K
  class space    used 7830K, capacity 8379K, committed 8448K, reserved 1048576K
Event: 35.658 GC heap after
Heap after GC invocations=20 (full 3):
 PSYoungGen      total 128512K, used 0K [0x00000000e0000000, 0x00000000eaa80000, 0x0000000100000000)
  eden space 116736K, 0% used [0x00000000e0000000,0x00000000e0000000,0x00000000e7200000)
  from space 11776K, 0% used [0x00000000e7200000,0x00000000e7200000,0x00000000e7d80000)
  to   space 15360K, 0% used [0x00000000e9b80000,0x00000000e9b80000,0x00000000eaa80000)
 ParOldGen       total 87552K, used 41690K [0x00000000a0000000, 0x00000000a5580000, 0x00000000e0000000)
  object space 87552K, 47% used [0x00000000a0000000,0x00000000a28b6a20,0x00000000a5580000)
 Metaspace       used 56954K, capacity 58908K, committed 59028K, reserved 1099776K
  class space    used 7830K, capacity 8379K, committed 8448K, reserved 1048576K
}
Event: 52.650 GC heap before
{Heap before GC invocations=21 (full 3):
 PSYoungGen      total 128512K, used 116736K [0x00000000e0000000, 0x00000000eaa80000, 0x0000000100000000)
  eden space 116736K, 100% used [0x00000000e0000000,0x00000000e7200000,0x00000000e7200000)
  from space 11776K, 0% used [0x00000000e7200000,0x00000000e7200000,0x00000000e7d80000)
  to   space 15360K, 0% used [0x00000000e9b80000,0x00000000e9b80000,0x00000000eaa80000)
 ParOldGen       total 87552K, used 41690K [0x00000000a0000000, 0x00000000a5580000, 0x00000000e0000000)
  object space 87552K, 47% used [0x00000000a0000000,0x00000000a28b6a20,0x00000000a5580000)
 Metaspace       used 62104K, capacity 64176K, committed 64384K, reserved 1103872K
  class space    used 8476K, capacity 9051K, committed 9088K, reserved 1048576K
Event: 52.665 GC heap after
Heap after GC invocations=21 (full 3):
 PSYoungGen      total 145408K, used 10110K [0x00000000e0000000, 0x00000000ea580000, 0x0000000100000000)
  eden space 135168K, 0% used [0x00000000e0000000,0x00000000e0000000,0x00000000e8400000)
  from space 10240K, 98% used [0x00000000e9b80000,0x00000000ea55fb38,0x00000000ea580000)
  to   space 15360K, 0% used [0x00000000e8780000,0x00000000e8780000,0x00000000e9680000)
 ParOldGen       total 87552K, used 41698K [0x00000000a0000000, 0x00000000a5580000, 0x00000000e0000000)
  object space 87552K, 47% used [0x00000000a0000000,0x00000000a28b8a20,0x00000000a5580000)
 Metaspace       used 62104K, capacity 64176K, committed 64384K, reserved 1103872K
  class space    used 8476K, capacity 9051K, committed 9088K, reserved 1048576K
}
Event: 56.766 GC heap before
{Heap before GC invocations=22 (full 3):
 PSYoungGen      total 145408K, used 145278K [0x00000000e0000000, 0x00000000ea580000, 0x0000000100000000)
  eden space 135168K, 100% used [0x00000000e0000000,0x00000000e8400000,0x00000000e8400000)
  from space 10240K, 98% used [0x00000000e9b80000,0x00000000ea55fb38,0x00000000ea580000)
  to   space 15360K, 0% used [0x00000000e8780000,0x00000000e8780000,0x00000000e9680000)
 ParOldGen       total 87552K, used 41698K [0x00000000a0000000, 0x00000000a5580000, 0x00000000e0000000)
  object space 87552K, 47% used [0x00000000a0000000,0x00000000a28b8a20,0x00000000a5580000)
 Metaspace       used 64856K, capacity 67002K, committed 67328K, reserved 1107968K
  class space    used 8812K, capacity 9410K, committed 9472K, reserved 1048576K
Event: 56.820 GC heap after
Heap after GC invocations=22 (full 3):
 PSYoungGen      total 154112K, used 15354K [0x00000000e0000000, 0x00000000ecd80000, 0x0000000100000000)
  eden space 138752K, 0% used [0x00000000e0000000,0x00000000e0000000,0x00000000e8780000)
  from space 15360K, 99% used [0x00000000e8780000,0x00000000e967e8f8,0x00000000e9680000)
  to   space 25600K, 0% used [0x00000000eb480000,0x00000000eb480000,0x00000000ecd80000)
 ParOldGen       total 87552K, used 62703K [0x00000000a0000000, 0x00000000a5580000, 0x00000000e0000000)
  object space 87552K, 71% used [0x00000000a0000000,0x00000000a3d3bf80,0x00000000a5580000)
 Metaspace       used 64856K, capacity 67002K, committed 67328K, reserved 1107968K
  class space    used 8812K, capacity 9410K, committed 9472K, reserved 1048576K
}
Event: 630.212 GC heap before
{Heap before GC invocations=23 (full 3):
 PSYoungGen      total 154112K, used 154106K [0x00000000e0000000, 0x00000000ecd80000, 0x0000000100000000)
  eden space 138752K, 100% used [0x00000000e0000000,0x00000000e8780000,0x00000000e8780000)
  from space 15360K, 99% used [0x00000000e8780000,0x00000000e967e8f8,0x00000000e9680000)
  to   space 25600K, 0% used [0x00000000eb480000,0x00000000eb480000,0x00000000ecd80000)
 ParOldGen       total 87552K, used 62703K [0x00000000a0000000, 0x00000000a5580000, 0x00000000e0000000)
  object space 87552K, 71% used [0x00000000a0000000,0x00000000a3d3bf80,0x00000000a5580000)
 Metaspace       used 69302K, capacity 71434K, committed 71680K, reserved 1112064K
  class space    used 9378K, capacity 9976K, committed 9984K, reserved 1048576K
Event: 632.303 GC heap after
Heap after GC invocations=23 (full 3):
 PSYoungGen      total 140288K, used 6263K [0x00000000e0000000, 0x00000000ebb00000, 0x0000000100000000)
  eden space 133632K, 0% used [0x00000000e0000000,0x00000000e0000000,0x00000000e8280000)
  from space 6656K, 94% used [0x00000000eb480000,0x00000000eba9ddb0,0x00000000ebb00000)
  to   space 24576K, 0% used [0x00000000e8b00000,0x00000000e8b00000,0x00000000ea300000)
 ParOldGen       total 87552K, used 73932K [0x00000000a0000000, 0x00000000a5580000, 0x00000000e0000000)
  object space 87552K, 84% used [0x00000000a0000000,0x00000000a4833050,0x00000000a5580000)
 Metaspace       used 69302K, capacity 71434K, committed 71680K, reserved 1112064K
  class space    used 9378K, capacity 9976K, committed 9984K, reserved 1048576K
}
Event: 632.306 GC heap before
{Heap before GC invocations=24 (full 4):
 PSYoungGen      total 140288K, used 6263K [0x00000000e0000000, 0x00000000ebb00000, 0x0000000100000000)
  eden space 133632K, 0% used [0x00000000e0000000,0x00000000e0000000,0x00000000e8280000)
  from space 6656K, 94% used [0x00000000eb480000,0x00000000eba9ddb0,0x00000000ebb00000)
  to   space 24576K, 0% used [0x00000000e8b00000,0x00000000e8b00000,0x00000000ea300000)
 ParOldGen       total 87552K, used 73932K [0x00000000a0000000, 0x00000000a5580000, 0x00000000e0000000)
  object space 87552K, 84% used [0x00000000a0000000,0x00000000a4833050,0x00000000a5580000)
 Metaspace       used 69302K, capacity 71434K, committed 71680K, reserved 1112064K
  class space    used 9378K, capacity 9976K, committed 9984K, reserved 1048576K

